<?xml version="1.0" encoding="UTF-8"?>
<coverage generated="1666369723282" clover="3.2.0">
  <project timestamp="1666369723282" name="All files">
    <metrics statements="39" coveredstatements="39" conditionals="21" coveredconditionals="21" methods="1" coveredmethods="1" elements="61" coveredelements="61" complexity="0" loc="39" ncloc="39" packages="1" files="1" classes="1"/>
    <file name="lookFor.ts" path="D:\Code\javascript\ts-node\utx-core\src\string\lookFor.ts">
      <metrics statements="39" coveredstatements="39" conditionals="21" coveredconditionals="21" methods="1" coveredmethods="1"/>
      <line num="1" count="1" type="stmt"/>
      <line num="2" count="1" type="stmt"/>
      <line num="3" count="1" type="stmt"/>
      <line num="4" count="1" type="stmt"/>
      <line num="5" count="1" type="stmt"/>
      <line num="6" count="1" type="stmt"/>
      <line num="7" count="1" type="stmt"/>
      <line num="8" count="1" type="cond" truecount="1" falsecount="0"/>
      <line num="9" count="24" type="stmt"/>
      <line num="10" count="24" type="stmt"/>
      <line num="11" count="24" type="stmt"/>
      <line num="12" count="24" type="stmt"/>
      <line num="13" count="24" type="cond" truecount="1" falsecount="0"/>
      <line num="14" count="24" type="cond" truecount="1" falsecount="0"/>
      <line num="15" count="23" type="cond" truecount="1" falsecount="0"/>
      <line num="16" count="24" type="cond" truecount="2" falsecount="0"/>
      <line num="17" count="24" type="stmt"/>
      <line num="18" count="24" type="cond" truecount="1" falsecount="0"/>
      <line num="19" count="21" type="cond" truecount="1" falsecount="0"/>
      <line num="20" count="21" type="stmt"/>
      <line num="21" count="24" type="cond" truecount="1" falsecount="0"/>
      <line num="22" count="19" type="cond" truecount="1" falsecount="0"/>
      <line num="23" count="19" type="cond" truecount="1" falsecount="0"/>
      <line num="24" count="21" type="cond" truecount="1" falsecount="0"/>
      <line num="25" count="24" type="cond" truecount="1" falsecount="0"/>
      <line num="26" count="18" type="stmt"/>
      <line num="27" count="18" type="cond" truecount="2" falsecount="0"/>
      <line num="28" count="18" type="stmt"/>
      <line num="29" count="3" type="cond" truecount="1" falsecount="0"/>
      <line num="30" count="3" type="stmt"/>
      <line num="31" count="24" type="cond" truecount="1" falsecount="0"/>
      <line num="32" count="3" type="cond" truecount="1" falsecount="0"/>
      <line num="33" count="24" type="cond" truecount="1" falsecount="0"/>
      <line num="34" count="24" type="cond" truecount="1" falsecount="0"/>
      <line num="35" count="24" type="cond" truecount="1" falsecount="0"/>
      <line num="36" count="24" type="stmt"/>
      <line num="37" count="1" type="stmt"/>
      <line num="38" count="1" type="stmt"/>
      <line num="39" count="1" type="stmt"/>
    </file>
  </project>
</coverage>
