{"D:\\Code\\javascript\\ts-node\\templates\\ts-node-jest-npm-package\\src\\string\\lookFor.ts": {"path":"D:\\Code\\javascript\\ts-node\\templates\\ts-node-jest-npm-package\\src\\string\\lookFor.ts","all":false,"statementMap":{"0":{"start":{"line":1,"column":0},"end":{"line":1,"column":0}},"1":{"start":{"line":2,"column":0},"end":{"line":2,"column":0}},"2":{"start":{"line":3,"column":0},"end":{"line":3,"column":44}},"3":{"start":{"line":4,"column":0},"end":{"line":4,"column":0}},"4":{"start":{"line":5,"column":0},"end":{"line":5,"column":46}},"5":{"start":{"line":6,"column":0},"end":{"line":6,"column":0}},"6":{"start":{"line":7,"column":0},"end":{"line":7,"column":0}},"7":{"start":{"line":8,"column":0},"end":{"line":8,"column":24}},"8":{"start":{"line":9,"column":0},"end":{"line":9,"column":15}},"9":{"start":{"line":10,"column":0},"end":{"line":10,"column":23}},"10":{"start":{"line":11,"column":0},"end":{"line":11,"column":15}},"11":{"start":{"line":12,"column":0},"end":{"line":12,"column":21}},"12":{"start":{"line":13,"column":0},"end":{"line":13,"column":43}},"13":{"start":{"line":14,"column":0},"end":{"line":14,"column":17}},"14":{"start":{"line":15,"column":0},"end":{"line":15,"column":0}},"15":{"start":{"line":16,"column":0},"end":{"line":16,"column":19}},"16":{"start":{"line":17,"column":0},"end":{"line":17,"column":27}},"17":{"start":{"line":18,"column":0},"end":{"line":18,"column":17}},"18":{"start":{"line":19,"column":0},"end":{"line":19,"column":1}},"19":{"start":{"line":20,"column":0},"end":{"line":20,"column":28}},"20":{"start":{"line":21,"column":0},"end":{"line":21,"column":11}},"21":{"start":{"line":22,"column":0},"end":{"line":22,"column":20}},"22":{"start":{"line":23,"column":0},"end":{"line":23,"column":30}},"23":{"start":{"line":24,"column":0},"end":{"line":24,"column":0}},"24":{"start":{"line":25,"column":0},"end":{"line":25,"column":31}},"25":{"start":{"line":26,"column":0},"end":{"line":26,"column":42}},"26":{"start":{"line":27,"column":0},"end":{"line":27,"column":52}},"27":{"start":{"line":28,"column":0},"end":{"line":28,"column":2}},"28":{"start":{"line":29,"column":0},"end":{"line":29,"column":0}},"29":{"start":{"line":30,"column":0},"end":{"line":30,"column":16}},"30":{"start":{"line":31,"column":0},"end":{"line":31,"column":28}},"31":{"start":{"line":32,"column":0},"end":{"line":32,"column":32}},"32":{"start":{"line":33,"column":0},"end":{"line":33,"column":44}},"33":{"start":{"line":34,"column":0},"end":{"line":34,"column":12}},"34":{"start":{"line":35,"column":0},"end":{"line":35,"column":42}},"35":{"start":{"line":36,"column":0},"end":{"line":36,"column":1}},"36":{"start":{"line":37,"column":0},"end":{"line":37,"column":0}},"37":{"start":{"line":38,"column":0},"end":{"line":38,"column":0}},"38":{"start":{"line":39,"column":0},"end":{"line":39,"column":22}}},"s":{"0":1,"1":1,"2":1,"3":1,"4":1,"5":1,"6":1,"7":1,"8":24,"9":24,"10":24,"11":24,"12":24,"13":24,"14":23,"15":24,"16":24,"17":24,"18":21,"19":21,"20":24,"21":19,"22":19,"23":21,"24":24,"25":18,"26":18,"27":18,"28":3,"29":3,"30":24,"31":3,"32":24,"33":24,"34":24,"35":24,"36":1,"37":1,"38":1},"branchMap":{"0":{"type":"branch","line":8,"loc":{"start":{"line":8,"column":23},"end":{"line":36,"column":1}},"locations":[{"start":{"line":8,"column":23},"end":{"line":36,"column":1}}]},"1":{"type":"branch","line":13,"loc":{"start":{"line":13,"column":28},"end":{"line":13,"column":42}},"locations":[{"start":{"line":13,"column":28},"end":{"line":13,"column":42}}]},"2":{"type":"branch","line":14,"loc":{"start":{"line":14,"column":2},"end":{"line":14,"column":17}},"locations":[{"start":{"line":14,"column":2},"end":{"line":14,"column":17}}]},"3":{"type":"branch","line":15,"loc":{"start":{"line":15,"column":-2},"end":{"line":16,"column":18}},"locations":[{"start":{"line":15,"column":-2},"end":{"line":16,"column":18}}]},"4":{"type":"branch","line":16,"loc":{"start":{"line":16,"column":14},"end":{"line":16,"column":13}},"locations":[{"start":{"line":16,"column":14},"end":{"line":16,"column":13}}]},"5":{"type":"branch","line":16,"loc":{"start":{"line":16,"column":14},"end":{"line":16,"column":19}},"locations":[{"start":{"line":16,"column":14},"end":{"line":16,"column":19}}]},"6":{"type":"branch","line":18,"loc":{"start":{"line":18,"column":2},"end":{"line":18,"column":17}},"locations":[{"start":{"line":18,"column":2},"end":{"line":18,"column":17}}]},"7":{"type":"branch","line":19,"loc":{"start":{"line":19,"column":-2},"end":{"line":21,"column":7}},"locations":[{"start":{"line":19,"column":-2},"end":{"line":21,"column":7}}]},"8":{"type":"branch","line":21,"loc":{"start":{"line":21,"column":2},"end":{"line":21,"column":11}},"locations":[{"start":{"line":21,"column":2},"end":{"line":21,"column":11}}]},"9":{"type":"branch","line":22,"loc":{"start":{"line":22,"column":-2},"end":{"line":23,"column":30}},"locations":[{"start":{"line":22,"column":-2},"end":{"line":23,"column":30}}]},"10":{"type":"branch","line":23,"loc":{"start":{"line":23,"column":2},"end":{"line":23,"column":30}},"locations":[{"start":{"line":23,"column":2},"end":{"line":23,"column":30}}]},"11":{"type":"branch","line":24,"loc":{"start":{"line":24,"column":-2},"end":{"line":25,"column":30}},"locations":[{"start":{"line":24,"column":-2},"end":{"line":25,"column":30}}]},"12":{"type":"branch","line":25,"loc":{"start":{"line":25,"column":30},"end":{"line":28,"column":2}},"locations":[{"start":{"line":25,"column":30},"end":{"line":28,"column":2}}]},"13":{"type":"branch","line":27,"loc":{"start":{"line":27,"column":19},"end":{"line":27,"column":29}},"locations":[{"start":{"line":27,"column":19},"end":{"line":27,"column":29}}]},"14":{"type":"branch","line":27,"loc":{"start":{"line":27,"column":30},"end":{"line":27,"column":52}},"locations":[{"start":{"line":27,"column":30},"end":{"line":27,"column":52}}]},"15":{"type":"branch","line":29,"loc":{"start":{"line":29,"column":-2},"end":{"line":31,"column":7}},"locations":[{"start":{"line":29,"column":-2},"end":{"line":31,"column":7}}]},"16":{"type":"branch","line":31,"loc":{"start":{"line":31,"column":2},"end":{"line":31,"column":28}},"locations":[{"start":{"line":31,"column":2},"end":{"line":31,"column":28}}]},"17":{"type":"branch","line":32,"loc":{"start":{"line":32,"column":-2},"end":{"line":33,"column":25}},"locations":[{"start":{"line":32,"column":-2},"end":{"line":33,"column":25}}]},"18":{"type":"branch","line":33,"loc":{"start":{"line":33,"column":21},"end":{"line":33,"column":44}},"locations":[{"start":{"line":33,"column":21},"end":{"line":33,"column":44}}]},"19":{"type":"branch","line":34,"loc":{"start":{"line":34,"column":2},"end":{"line":34,"column":12}},"locations":[{"start":{"line":34,"column":2},"end":{"line":34,"column":12}}]},"20":{"type":"branch","line":35,"loc":{"start":{"line":35,"column":2},"end":{"line":35,"column":42}},"locations":[{"start":{"line":35,"column":2},"end":{"line":35,"column":42}}]}},"b":{"0":[24],"1":[21],"2":[1],"3":[23],"4":[16],"5":[7],"6":[2],"7":[21],"8":[2],"9":[19],"10":[5],"11":[21],"12":[18],"13":[6],"14":[12],"15":[3],"16":[1],"17":[3],"18":[2],"19":[1],"20":[2]},"fnMap":{"0":{"name":"lookFor","decl":{"start":{"line":8,"column":23},"end":{"line":36,"column":1}},"loc":{"start":{"line":8,"column":23},"end":{"line":36,"column":1}},"line":8}},"f":{"0":24}}
}
