TN:
SF:src\string\lookFor.ts
FN:8,lookFor
FNF:1
FNH:1
FNDA:24,lookFor
DA:1,1
DA:2,1
DA:3,1
DA:4,1
DA:5,1
DA:6,1
DA:7,1
DA:8,1
DA:9,24
DA:10,24
DA:11,24
DA:12,24
DA:13,24
DA:14,24
DA:15,23
DA:16,24
DA:17,24
DA:18,24
DA:19,21
DA:20,21
DA:21,24
DA:22,19
DA:23,19
DA:24,21
DA:25,24
DA:26,18
DA:27,18
DA:28,18
DA:29,3
DA:30,3
DA:31,24
DA:32,3
DA:33,24
DA:34,24
DA:35,24
DA:36,24
DA:37,1
DA:38,1
DA:39,1
LF:39
LH:39
BRDA:8,0,0,24
BRDA:13,1,0,21
BRDA:14,2,0,1
BRDA:15,3,0,23
BRDA:16,4,0,16
BRDA:16,5,0,7
BRDA:18,6,0,2
BRDA:19,7,0,21
BRDA:21,8,0,2
BRDA:22,9,0,19
BRDA:23,10,0,5
BRDA:24,11,0,21
BRDA:25,12,0,18
BRDA:27,13,0,6
BRDA:27,14,0,12
BRDA:29,15,0,3
BRDA:31,16,0,1
BRDA:32,17,0,3
BRDA:33,18,0,2
BRDA:34,19,0,1
BRDA:35,20,0,2
BRF:21
BRH:21
end_of_record
